[2023-06-08 14:23:30] [info] Start Program:
Path:"C:\Users\mihuc\Documents\facultate\an 1 semestru 2\Programare orientata obiect\laborator\lab10-11\lab10-11\x64\Debug\lab10-11.exe"
Arguments:
Working directory: "C:\Users\mihuc\Documents\facultate\an 1 semestru 2\Programare orientata obiect\laborator\lab10-11\lab10-11\lab10-11\"
Modules: Selected: C:\Users\mihuc\Documents\facultate\an 1 semestru 2\Programare orientata obiect\laborator\lab10-11\lab10-11\x64\Debug\lab10-11.exe Excluded: 
Sources: Selected: C:\Users\mihuc\Documents\facultate\an 1 semestru 2\Programare orientata obiect\laborator\lab10-11\lab10-11\lab10-11 Excluded: lab1011.cpp presentation.cpp validator.h undo.h gui.cpp Oferta.cpp OfertaRepo.h CosService.cpp Agentie.cpp OfertaRepo.cpp 
Log Level: Normal
Cover Children: 0
Aggregate by file: 1
Continue after C++ exception: 0
Optimized build support: 0
Export: Binary C:\Users\mihuc\AppData\Local\Temp\0rhazjxo.4qe 
Input coverage: 
Unified diff: 
Excluded line regular expressions: 
Substitute pdb source paths: 

[2023-06-08 14:23:30] [info] Module: C:\Users\mihuc\Documents\facultate\an 1 semestru 2\Programare orientata obiect\laborator\lab10-11\lab10-11\x64\Debug\lab10-11.exe is selected because it matches selected pattern: C:\Users\mihuc\Documents\facultate\an 1 semestru 2\Programare orientata obiect\laborator\lab10-11\lab10-11\x64\Debug\lab10-11.exe
[2023-06-08 14:23:36] [info] ----------------------------------------------------
[2023-06-08 14:23:36] [info] Coverage binary generated in file: C:\Users\mihuc\AppData\Local\Temp\0rhazjxo.4qe
[2023-06-08 14:23:36] [info] ----------------------------------------------------
